-------------------------------------------------------------------------------
Test set: com.jpa.JpaImplementationApplicationTests
-------------------------------------------------------------------------------
Tests run: 1, Failures: 0, Errors: 1, Skipped: 0, Time elapsed: 4.671 s <<< FAILURE! - in com.jpa.JpaImplementationApplicationTests
contextLoads  Time elapsed: 0.256 s  <<< ERROR!
java.util.NoSuchElementException: No value present
	at com.jpa.JpaImplementationApplicationTests.contextLoads(JpaImplementationApplicationTests.java:32)

