<?xml version="1.0" encoding="UTF-8"?>
<testsuite xmlns:xsi="http://www.w3.org/2001/XMLSchema-instance" xsi:noNamespaceSchemaLocation="https://maven.apache.org/surefire/maven-surefire-plugin/xsd/surefire-test-report.xsd" name="com.jpa.JpaImplementationApplicationTests" time="4.671" tests="1" errors="1" skipped="0" failures="0">
  <properties>
[...]
</properties>
  <testcase name="contextLoads" classname="com.jpa.JpaImplementationApplicationTests" time="0.256">
    <error message="No value present" type="java.util.NoSuchElementException">java.util.NoSuchElementException: No value present
	at com.jpa.JpaImplementationApplicationTests.contextLoads(JpaImplementationApplicationTests.java:32)
</error>
    <system-out><![CDATA[00:02:52.214 [main] DEBUG org.springframework.test.context.BootstrapUtils - Instantiating CacheAwareContextLoaderDelegate from class [org.springframework.test.context.cache.DefaultCacheAwareContextLoaderDelegate]
00:02:52.222 [main] DEBUG org.springframework.test.context.BootstrapUtils - Instantiating BootstrapContext using constructor [public org.springframework.test.context.support.DefaultBootstrapContext(java.lang.Class,org.springframework.test.context.CacheAwareContextLoaderDelegate)]
00:02:52.258 [main] DEBUG org.springframework.test.context.BootstrapUtils - Instantiating TestContextBootstrapper for test class [com.jpa.JpaImplementationApplicationTests] from class [org.springframework.boot.test.context.SpringBootTestContextBootstrapper]
00:02:52.267 [main] INFO org.springframework.boot.test.context.SpringBootTestContextBootstrapper - Neither @ContextConfiguration nor @ContextHierarchy found for test class [com.jpa.JpaImplementationApplicationTests], using SpringBootContextLoader
00:02:52.270 [main] DEBUG org.springframework.test.context.support.AbstractContextLoader - Did not detect default resource location for test class [com.jpa.JpaImplementationApplicationTests]: class path resource [com/jpa/JpaImplementationApplicationTests-context.xml] does not exist
00:02:52.270 [main] DEBUG org.springframework.test.context.support.AbstractContextLoader - Did not detect default resource location for test class [com.jpa.JpaImplementationApplicationTests]: class path resource [com/jpa/JpaImplementationApplicationTestsContext.groovy] does not exist
00:02:52.270 [main] INFO org.springframework.test.context.support.AbstractContextLoader - Could not detect default resource locations for test class [com.jpa.JpaImplementationApplicationTests]: no resource found for suffixes {-context.xml, Context.groovy}.
00:02:52.271 [main] INFO org.springframework.test.context.support.AnnotationConfigContextLoaderUtils - Could not detect default configuration classes for test class [com.jpa.JpaImplementationApplicationTests]: JpaImplementationApplicationTests does not declare any static, non-private, non-final, nested classes annotated with @Configuration.
00:02:52.310 [main] DEBUG org.springframework.test.context.support.ActiveProfilesUtils - Could not find an 'annotation declaring class' for annotation type [org.springframework.test.context.ActiveProfiles] and class [com.jpa.JpaImplementationApplicationTests]
00:02:52.366 [main] DEBUG org.springframework.context.annotation.ClassPathScanningCandidateComponentProvider - Identified candidate component class: file [C:\CHETAN\jpa-implementation\jpa-implementation\target\classes\com\jpa\JpaImplementationApplication.class]
00:02:52.368 [main] INFO org.springframework.boot.test.context.SpringBootTestContextBootstrapper - Found @SpringBootConfiguration com.jpa.JpaImplementationApplication for test class com.jpa.JpaImplementationApplicationTests
00:02:52.489 [main] DEBUG org.springframework.boot.test.context.SpringBootTestContextBootstrapper - @TestExecutionListeners is not present for class [com.jpa.JpaImplementationApplicationTests]: using defaults.
00:02:52.490 [main] INFO org.springframework.boot.test.context.SpringBootTestContextBootstrapper - Loaded default TestExecutionListener class names from location [META-INF/spring.factories]: [org.springframework.boot.test.mock.mockito.MockitoTestExecutionListener, org.springframework.boot.test.mock.mockito.ResetMocksTestExecutionListener, org.springframework.boot.test.autoconfigure.restdocs.RestDocsTestExecutionListener, org.springframework.boot.test.autoconfigure.web.client.MockRestServiceServerResetTestExecutionListener, org.springframework.boot.test.autoconfigure.web.servlet.MockMvcPrintOnlyOnFailureTestExecutionListener, org.springframework.boot.test.autoconfigure.web.servlet.WebDriverTestExecutionListener, org.springframework.boot.test.autoconfigure.webservices.client.MockWebServiceServerTestExecutionListener, org.springframework.test.context.web.ServletTestExecutionListener, org.springframework.test.context.support.DirtiesContextBeforeModesTestExecutionListener, org.springframework.test.context.event.ApplicationEventsTestExecutionListener, org.springframework.test.context.support.DependencyInjectionTestExecutionListener, org.springframework.test.context.support.DirtiesContextTestExecutionListener, org.springframework.test.context.transaction.TransactionalTestExecutionListener, org.springframework.test.context.jdbc.SqlScriptsTestExecutionListener, org.springframework.test.context.event.EventPublishingTestExecutionListener]
00:02:52.507 [main] INFO org.springframework.boot.test.context.SpringBootTestContextBootstrapper - Using TestExecutionListeners: [org.springframework.test.context.web.ServletTestExecutionListener@5ddf0d24, org.springframework.test.context.support.DirtiesContextBeforeModesTestExecutionListener@363a52f, org.springframework.test.context.event.ApplicationEventsTestExecutionListener@60856961, org.springframework.boot.test.mock.mockito.MockitoTestExecutionListener@2fd953a6, org.springframework.boot.test.autoconfigure.SpringBootDependencyInjectionTestExecutionListener@a4add54, org.springframework.test.context.support.DirtiesContextTestExecutionListener@141e5bef, org.springframework.test.context.transaction.TransactionalTestExecutionListener@5f9be66c, org.springframework.test.context.jdbc.SqlScriptsTestExecutionListener@3abada5a, org.springframework.test.context.event.EventPublishingTestExecutionListener@66c61024, org.springframework.boot.test.mock.mockito.ResetMocksTestExecutionListener@61fe30, org.springframework.boot.test.autoconfigure.restdocs.RestDocsTestExecutionListener@c9d0d6, org.springframework.boot.test.autoconfigure.web.client.MockRestServiceServerResetTestExecutionListener@6ccdb29f, org.springframework.boot.test.autoconfigure.web.servlet.MockMvcPrintOnlyOnFailureTestExecutionListener@3adcc812, org.springframework.boot.test.autoconfigure.web.servlet.WebDriverTestExecutionListener@35432107, org.springframework.boot.test.autoconfigure.webservices.client.MockWebServiceServerTestExecutionListener@7b420819]
00:02:52.511 [main] DEBUG org.springframework.test.context.support.AbstractDirtiesContextTestExecutionListener - Before test class: context [DefaultTestContext@6581dc0a testClass = JpaImplementationApplicationTests, testInstance = [null], testMethod = [null], testException = [null], mergedContextConfiguration = [WebMergedContextConfiguration@39de3d36 testClass = JpaImplementationApplicationTests, locations = '{}', classes = '{class com.jpa.JpaImplementationApplication}', contextInitializerClasses = '[]', activeProfiles = '{}', propertySourceLocations = '{}', propertySourceProperties = '{org.springframework.boot.test.context.SpringBootTestContextBootstrapper=true}', contextCustomizers = set[org.springframework.boot.test.context.filter.ExcludeFilterContextCustomizer@5acf93bb, org.springframework.boot.test.json.DuplicateJsonObjectContextCustomizerFactory$DuplicateJsonObjectContextCustomizer@66d3eec0, org.springframework.boot.test.mock.mockito.MockitoContextCustomizer@0, org.springframework.boot.test.web.client.TestRestTemplateContextCustomizer@d5b810e, org.springframework.boot.test.autoconfigure.actuate.metrics.MetricsExportContextCustomizerFactory$DisableMetricExportContextCustomizer@57cf54e1, org.springframework.boot.test.autoconfigure.properties.PropertyMappingContextCustomizer@0, org.springframework.boot.test.autoconfigure.web.servlet.WebDriverContextCustomizerFactory$Customizer@67f639d3, org.springframework.boot.test.context.SpringBootTestArgs@1, org.springframework.boot.test.context.SpringBootTestWebEnvironment@3cb1ffe6], resourceBasePath = 'src/main/webapp', contextLoader = 'org.springframework.boot.test.context.SpringBootContextLoader', parent = [null]], attributes = map['org.springframework.test.context.web.ServletTestExecutionListener.activateListener' -> true]], class annotated with @DirtiesContext [false] with mode [null].

  .   ____          _            __ _ _
 /\\ / ___'_ __ _ _(_)_ __  __ _ \ \ \ \
( ( )\___ | '_ | '_| | '_ \/ _` | \ \ \ \
 \\/  ___)| |_)| | | | | || (_| |  ) ) ) )
  '  |____| .__|_| |_|_| |_\__, | / / / /
 =========|_|==============|___/=/_/_/_/
 :: Spring Boot ::               (v2.7.13)

2025-04-02 00:02:52.916  INFO 16720 --- [           main] c.jpa.JpaImplementationApplicationTests  : Starting JpaImplementationApplicationTests using Java 17.0.8 on LAPTOP-09981R87 with PID 16720 (started by ASUS in C:\CHETAN\jpa-implementation\jpa-implementation)
2025-04-02 00:02:52.917  INFO 16720 --- [           main] c.jpa.JpaImplementationApplicationTests  : No active profile set, falling back to 1 default profile: "default"
2025-04-02 00:02:53.455  INFO 16720 --- [           main] .s.d.r.c.RepositoryConfigurationDelegate : Bootstrapping Spring Data JPA repositories in DEFAULT mode.
2025-04-02 00:02:53.519  INFO 16720 --- [           main] .s.d.r.c.RepositoryConfigurationDelegate : Finished Spring Data repository scanning in 55 ms. Found 4 JPA repository interfaces.
2025-04-02 00:02:54.056  INFO 16720 --- [           main] o.hibernate.jpa.internal.util.LogHelper  : HHH000204: Processing PersistenceUnitInfo [name: default]
2025-04-02 00:02:54.116  INFO 16720 --- [           main] org.hibernate.Version                    : HHH000412: Hibernate ORM core version 5.6.15.Final
2025-04-02 00:02:54.293  INFO 16720 --- [           main] o.hibernate.annotations.common.Version   : HCANN000001: Hibernate Commons Annotations {5.1.2.Final}
2025-04-02 00:02:54.410  INFO 16720 --- [           main] com.zaxxer.hikari.HikariDataSource       : HikariPool-1 - Starting...
2025-04-02 00:02:54.525  INFO 16720 --- [           main] com.zaxxer.hikari.HikariDataSource       : HikariPool-1 - Start completed.
2025-04-02 00:02:54.540  INFO 16720 --- [           main] org.hibernate.dialect.Dialect            : HHH000400: Using dialect: org.hibernate.dialect.PostgreSQLDialect
2025-04-02 00:02:55.145  INFO 16720 --- [           main] o.h.e.t.j.p.i.JtaPlatformInitiator       : HHH000490: Using JtaPlatform implementation: [org.hibernate.engine.transaction.jta.platform.internal.NoJtaPlatform]
2025-04-02 00:02:55.152  INFO 16720 --- [           main] j.LocalContainerEntityManagerFactoryBean : Initialized JPA EntityManagerFactory for persistence unit 'default'
2025-04-02 00:02:55.651  WARN 16720 --- [           main] JpaBaseConfiguration$JpaWebConfiguration : spring.jpa.open-in-view is enabled by default. Therefore, database queries may be performed during view rendering. Explicitly configure spring.jpa.open-in-view to disable this warning
2025-04-02 00:02:56.334  INFO 16720 --- [           main] c.jpa.JpaImplementationApplicationTests  : Started JpaImplementationApplicationTests in 3.789 seconds (JVM running for 4.843)
Hibernate: select department0_.id as id1_1_, department0_.department_name as departme2_1_ from department department0_
Hibernate: select employees0_.department_id as departme4_2_0_, employees0_.id as id1_2_0_, employees0_.id as id1_2_1_, employees0_.department_id as departme4_2_1_, employees0_.name as name2_2_1_, employees0_.salary as salary3_2_1_ from employee employees0_ where employees0_.department_id=?
[Employee{id=1, name='cheytan'}, Employee{id=2, name='mahesh'}]
2025-04-02 00:02:56.586  INFO 16720 --- [           main] o.s.t.c.transaction.TransactionContext   : Began transaction (1) for test context [DefaultTestContext@6581dc0a testClass = JpaImplementationApplicationTests, testInstance = com.jpa.JpaImplementationApplicationTests@7b6b466a, testMethod = contextLoads@JpaImplementationApplicationTests, testException = [null], mergedContextConfiguration = [WebMergedContextConfiguration@39de3d36 testClass = JpaImplementationApplicationTests, locations = '{}', classes = '{class com.jpa.JpaImplementationApplication}', contextInitializerClasses = '[]', activeProfiles = '{}', propertySourceLocations = '{}', propertySourceProperties = '{org.springframework.boot.test.context.SpringBootTestContextBootstrapper=true}', contextCustomizers = set[org.springframework.boot.test.context.filter.ExcludeFilterContextCustomizer@5acf93bb, org.springframework.boot.test.json.DuplicateJsonObjectContextCustomizerFactory$DuplicateJsonObjectContextCustomizer@66d3eec0, org.springframework.boot.test.mock.mockito.MockitoContextCustomizer@0, org.springframework.boot.test.web.client.TestRestTemplateContextCustomizer@d5b810e, org.springframework.boot.test.autoconfigure.actuate.metrics.MetricsExportContextCustomizerFactory$DisableMetricExportContextCustomizer@57cf54e1, org.springframework.boot.test.autoconfigure.properties.PropertyMappingContextCustomizer@0, org.springframework.boot.test.autoconfigure.web.servlet.WebDriverContextCustomizerFactory$Customizer@67f639d3, org.springframework.boot.test.context.SpringBootTestArgs@1, org.springframework.boot.test.context.SpringBootTestWebEnvironment@3cb1ffe6], resourceBasePath = 'src/main/webapp', contextLoader = 'org.springframework.boot.test.context.SpringBootContextLoader', parent = [null]], attributes = map['org.springframework.test.context.web.ServletTestExecutionListener.activateListener' -> true, 'org.springframework.test.context.web.ServletTestExecutionListener.populatedRequestContextHolder' -> true, 'org.springframework.test.context.web.ServletTestExecutionListener.resetRequestContextHolder' -> true, 'org.springframework.test.context.event.ApplicationEventsTestExecutionListener.recordApplicationEvents' -> false]]; transaction manager [org.springframework.orm.jpa.JpaTransactionManager@5cc669d]; rollback [true]
Hibernate: select coursedeta0_.id as id1_0_0_, coursedeta0_.course_credit as course_c2_0_0_, coursedeta0_.course_name as course_n3_0_0_, coursedeta0_.student_detail_id as student_4_0_0_, studentdet1_.id as id1_3_1_, studentdet1_.name as name2_3_1_, studentdet1_.phone as phone3_3_1_ from course coursedeta0_ left outer join student studentdet1_ on coursedeta0_.student_detail_id=studentdet1_.id where coursedeta0_.id=?
Hibernate: select studentdet0_.id as id1_3_0_, studentdet0_.name as name2_3_0_, studentdet0_.phone as phone3_3_0_, coursedeta1_.student_detail_id as student_4_0_1_, coursedeta1_.id as id1_0_1_, coursedeta1_.id as id1_0_2_, coursedeta1_.course_credit as course_c2_0_2_, coursedeta1_.course_name as course_n3_0_2_, coursedeta1_.student_detail_id as student_4_0_2_ from student studentdet0_ left outer join course coursedeta1_ on studentdet0_.id=coursedeta1_.student_detail_id where studentdet0_.id=?
2025-04-02 00:02:56.804  INFO 16720 --- [           main] o.s.t.c.transaction.TransactionContext   : Rolled back transaction for test: [DefaultTestContext@6581dc0a testClass = JpaImplementationApplicationTests, testInstance = com.jpa.JpaImplementationApplicationTests@7b6b466a, testMethod = contextLoads@JpaImplementationApplicationTests, testException = java.util.NoSuchElementException: No value present, mergedContextConfiguration = [WebMergedContextConfiguration@39de3d36 testClass = JpaImplementationApplicationTests, locations = '{}', classes = '{class com.jpa.JpaImplementationApplication}', contextInitializerClasses = '[]', activeProfiles = '{}', propertySourceLocations = '{}', propertySourceProperties = '{org.springframework.boot.test.context.SpringBootTestContextBootstrapper=true}', contextCustomizers = set[org.springframework.boot.test.context.filter.ExcludeFilterContextCustomizer@5acf93bb, org.springframework.boot.test.json.DuplicateJsonObjectContextCustomizerFactory$DuplicateJsonObjectContextCustomizer@66d3eec0, org.springframework.boot.test.mock.mockito.MockitoContextCustomizer@0, org.springframework.boot.test.web.client.TestRestTemplateContextCustomizer@d5b810e, org.springframework.boot.test.autoconfigure.actuate.metrics.MetricsExportContextCustomizerFactory$DisableMetricExportContextCustomizer@57cf54e1, org.springframework.boot.test.autoconfigure.properties.PropertyMappingContextCustomizer@0, org.springframework.boot.test.autoconfigure.web.servlet.WebDriverContextCustomizerFactory$Customizer@67f639d3, org.springframework.boot.test.context.SpringBootTestArgs@1, org.springframework.boot.test.context.SpringBootTestWebEnvironment@3cb1ffe6], resourceBasePath = 'src/main/webapp', contextLoader = 'org.springframework.boot.test.context.SpringBootContextLoader', parent = [null]], attributes = map['org.springframework.test.context.web.ServletTestExecutionListener.activateListener' -> true, 'org.springframework.test.context.web.ServletTestExecutionListener.populatedRequestContextHolder' -> true, 'org.springframework.test.context.web.ServletTestExecutionListener.resetRequestContextHolder' -> true, 'org.springframework.test.context.event.ApplicationEventsTestExecutionListener.recordApplicationEvents' -> false]]
]]></system-out>
  </testcase>
</testsuite>